<?xml version="1.0" encoding="UTF-8"?>
<!-- Generated by org.testng.reporters.JUnitReportReporter -->
<testsuite hostname="MAVLT1480" failures="0" tests="1" name="Runner" time="30.740" errors="0" timestamp="12 Apr 2021 10:26:56 GMT" skipped="0">
  <testcase classname="Runner" name="homePageTest" time="30.740"/>
</testsuite> <!-- Runner -->
